{
  "RSpec": {
    "coverage": {
      "/Users/connorrichmond/turing_work/1mod/projects/battle_ship/lib/ship.rb": {
        "lines": [
          1,
          1,
          null,
          null,
          null,
          1,
          0,
          0,
          0,
          0,
          null,
          null,
          1,
          0,
          null,
          null,
          1,
          0,
          0,
          null,
          null,
          null
        ]
      },
      "/Users/connorrichmond/turing_work/1mod/projects/battle_ship/lib/cell.rb": {
        "lines": [
          1,
          null,
          1,
          null,
          1,
          0,
          0,
          0,
          null,
          null,
          1,
          0,
          null,
          null,
          1,
          0,
          null,
          null,
          1,
          0,
          0,
          null,
          null,
          1,
          0,
          null,
          null,
          1,
          0,
          0,
          0,
          0,
          0,
          null,
          0,
          null,
          null,
          0,
          null,
          null,
          null,
          null,
          null
        ]
      },
      "/Users/connorrichmond/turing_work/1mod/projects/battle_ship/lib/board.rb": {
        "lines": [
          1,
          1,
          null,
          1,
          0,
          null,
          null,
          1,
          0,
          0,
          0,
          0,
          null,
          0,
          null,
          null,
          1,
          0,
          null,
          null,
          1,
          0,
          null,
          null,
          null,
          null,
          null,
          1,
          0,
          null,
          null,
          1,
          0,
          null,
          null,
          1,
          null,
          0,
          0,
          0,
          0,
          0,
          null,
          null,
          0,
          0,
          null,
          null,
          0,
          null,
          null,
          null,
          null,
          1,
          0,
          0,
          0,
          null,
          0,
          null,
          null,
          null,
          1,
          0,
          0,
          0,
          null,
          0,
          null,
          null,
          null,
          1,
          0,
          0,
          null,
          null,
          null,
          1,
          0,
          0,
          0,
          null,
          null,
          null,
          null,
          1,
          0,
          0,
          null,
          null,
          null,
          null,
          null,
          null,
          0,
          null,
          null,
          null,
          null,
          null,
          null,
          null,
          null
        ]
      },
      "/Users/connorrichmond/turing_work/1mod/projects/battle_ship/lib/new_game.rb": {
        "lines": [
          1,
          null,
          1,
          2,
          null,
          2,
          null,
          null,
          null,
          1,
          3,
          1,
          2,
          1,
          null,
          1,
          1,
          null,
          null,
          null,
          1,
          0,
          0,
          null,
          null,
          0,
          null,
          null,
          1,
          0,
          null,
          null,
          0,
          null,
          null,
          null,
          null,
          null,
          0,
          0,
          null,
          null,
          1,
          0,
          0,
          null,
          0,
          0,
          0,
          0,
          null,
          null,
          0,
          0,
          0,
          0,
          0,
          null,
          null,
          0,
          0,
          0,
          0,
          null,
          null,
          0,
          0,
          null,
          null,
          null
        ]
      }
    },
    "timestamp": 1685310556
  }
}
