{
  "RSpec": {
    "coverage": {
      "/Users/westonschutt/turing/1mod/projects/battle_ship/lib/ship.rb": {
        "lines": [
          1,
          1,
          null,
          null,
          null,
          1,
          12,
          12,
          12,
          12,
          null,
          null,
          1,
          4,
          null,
          null,
          1,
          4,
          4,
          null,
          null,
          null
        ]
      },
      "/Users/westonschutt/turing/1mod/projects/battle_ship/lib/cell.rb": {
        "lines": [
          1,
          null,
          1,
          null,
          1,
          240,
          240,
          240,
          null,
          null,
          1,
          66,
          null,
          null,
          1,
          21,
          null,
          null,
          1,
          5,
          5,
          null,
          null,
          1,
          80,
          null,
          null,
          1,
          80,
          5,
          3,
          2,
          1,
          null,
          1,
          null,
          null,
          75,
          null,
          null,
          null,
          null,
          null
        ]
      },
      "/Users/westonschutt/turing/1mod/projects/battle_ship/lib/board.rb": {
        "lines": [
          1,
          1,
          null,
          null,
          1,
          15,
          15,
          null,
          null,
          1,
          15,
          15,
          15,
          240,
          null,
          15,
          null,
          null,
          1,
          5,
          null,
          null,
          1,
          813,
          null,
          null,
          null,
          null,
          null,
          1,
          813,
          null,
          null,
          1,
          811,
          null,
          null,
          1,
          null,
          319,
          319,
          319,
          956,
          956,
          null,
          null,
          319,
          29,
          50,
          null,
          290,
          28,
          53,
          null,
          null,
          null,
          null,
          null,
          1,
          28,
          28,
          57,
          null,
          28,
          null,
          null,
          null,
          1,
          29,
          29,
          58,
          null,
          29,
          null,
          null,
          null,
          1,
          16,
          46,
          null,
          null,
          null,
          1,
          7,
          7,
          21,
          null,
          null,
          null,
          null,
          1,
          5,
          4,
          null,
          null,
          null,
          null,
          null,
          null,
          1,
          null,
          null,
          null,
          null,
          null,
          null,
          null,
          1,
          1,
          1,
          null,
          null,
          null,
          1,
          2,
          2,
          2,
          null,
          2,
          792,
          null,
          2,
          null,
          null,
          1,
          3,
          null,
          null
        ]
      },
      "/Users/westonschutt/turing/1mod/projects/battle_ship/lib/new_game.rb": {
        "lines": [
          1,
          null,
          1,
          0,
          null,
          0,
          0,
          0,
          0,
          0,
          null,
          0,
          0,
          null,
          null,
          null,
          1,
          0,
          0,
          null,
          0,
          0,
          0,
          null,
          null,
          1,
          0,
          0,
          0,
          0,
          null,
          null,
          1,
          0,
          null,
          null,
          0,
          0,
          0,
          null,
          null,
          1,
          0,
          0,
          0,
          0,
          0,
          0,
          null,
          0,
          0,
          null,
          null,
          null,
          1,
          0,
          0,
          0,
          0,
          0,
          0,
          null,
          0,
          0,
          null,
          null,
          null,
          1,
          0,
          0,
          0,
          0,
          0,
          0,
          null,
          0,
          0,
          null,
          null,
          null,
          1,
          0,
          0,
          0,
          0,
          0,
          0,
          0,
          null,
          0,
          0,
          null,
          null,
          null,
          1,
          0,
          0,
          0,
          null,
          0,
          0,
          0,
          0,
          null,
          null,
          null,
          1,
          0,
          0,
          0,
          0,
          0,
          0,
          null,
          null,
          null
        ]
      }
    },
    "timestamp": 1685322843
  }
}
